[2024-10-07 05:44:54] Signup Error: Empty fields
[2024-10-07 05:46:10] Signup Error: Empty fields
[2024-10-07 05:52:01] Signup Error: Empty fields
[2024-10-07 05:52:12] Signup Error: Empty fields
[2024-10-07 05:54:51] Signup Error: Empty fields
[2024-10-07 05:58:33] Signup Error: Empty fields
[2024-10-07 05:58:59] Signup Error: Empty fields
[2024-10-07 06:01:52] Signup Error: The following fields are empty: full_name
[2024-10-07 06:04:37] Signup Error: The following fields are empty: full_name
[2024-10-07 06:05:51] Signup Error: User successfully registered: cust5, sharifnorakmal@gmail.com
[2024-10-07 06:07:18] Signup Error: Email already taken: sharifnorakmal@gmail.com
[2024-10-07 06:13:34] Signup Error: The following fields are empty: username
[2024-10-07 06:13:48] Signup Error: The following fields are empty: username
[2024-10-07 06:16:03] Signup Error: The following fields are empty: username
[2024-10-07 06:18:20] Signup Error: The following fields are empty: username
[2024-10-07 06:18:33] Signup Error: The following fields are empty: username
[2024-10-07 06:25:54] Signup Error: The following fields are empty: username
[2024-10-07 06:27:11] Signup Error: Username or email already taken: help@gmail.com, sharif58004@gmail.com
[2024-10-07 06:39:32] Signup Error: Username or email already taken: help@gmail.com, hiihelp@gmail.com
[2024-10-07 06:41:39] Login Error: User not found.
[2024-10-07 06:53:14] Login Error: User not found: sharif58004@gmail.com
[2024-10-07 06:59:48] Login Error: User not found: customer
[2024-10-10 06:28:41] Signup Error: Password must be at least 6 characters.
[2024-10-10 06:30:58] Signup Error: Received POST data: Username - cust1, Email - s@gmail.com
[2024-10-10 06:30:58] Signup Error: Password must be at least 6 characters.
[2024-10-10 06:31:19] Signup Error: Received POST data: Username - cust1, Email - s@gmail.com
[2024-10-10 06:31:19] Signup Error: Registration successful for user: cust1
[2024-10-10 06:38:18] Signup Error: Received POST data: Username - cust1, Email - s@gmail.com
[2024-10-10 06:38:18] Signup Error: Password must be at least 6 characters.
[2024-10-11 05:15:37] Signup Error: Received POST data: Username - sdfdgf, Email - asdsfdg@gmail.com
[2024-10-11 05:15:37] Signup Error: Registration successful for user: sdfdgf
[2024-10-11 05:15:38] Signup Error: Received POST data: Username - sdfdgf, Email - asdsfdg@gmail.com
[2024-10-11 05:15:38] Signup Error: Username or Email already taken: Username - sdfdgf, Email - asdsfdg@gmail.com
[2024-10-11 05:15:38] Signup Error: Received POST data: Username - sdfdgf, Email - asdsfdg@gmail.com
[2024-10-11 05:15:38] Signup Error: Username or Email already taken: Username - sdfdgf, Email - asdsfdg@gmail.com
[2024-10-11 10:15:20] Login Error: Successful login for user: customer12345
[2024-10-11 10:15:31] Login Error: Successful login for user: customer123
[2024-10-11 10:23:18] Login Error: Successful login for user: customer123
[2024-10-11 10:23:28] Login Error: Successful login for user: customer12345
[2024-10-11 10:23:54] Login Error: Successful login for user: customer12345
[2024-10-11 10:24:12] Login Error: Successful login for user: customer123
[2024-10-14 04:37:34] Login Error: Successful login for user: customer123
[2024-10-14 04:44:35] Login Error: Successful login for user: customer123
[2024-10-14 04:44:46] Login Error: Successful login for user: customer123
[2024-10-14 04:57:08] Login Error: Successful login for user: customer123
[2024-10-14 05:00:40] Login Error: Successful login for user: customer123
[2024-10-14 05:00:44] Login Error: Successful login for user: customer123
[2024-10-14 05:12:26] Login Error: Successful login for user: customer123
[2024-10-14 05:27:55] Login Error: Successful login for user: customer123
[2024-10-14 05:50:00] Login Error: Successful login for user: customer12345
[2024-10-14 05:53:30] Login Error: Successful login for user: customer123
[2024-10-15 10:30:37] Login Error: Failed login attempt for non-existent user: customer123
[2024-10-15 10:30:53] Login Error: Successful login for user: customer123
[2024-10-15 10:32:35] Login Error: Failed login attempt for non-existent user: customer12345
[2024-10-15 10:32:40] Login Error: Failed login attempt for non-existent user: customer12345
[2024-10-15 10:32:46] Login Error: Successful login for user: customer123
[2024-10-15 10:33:10] Login Error: Failed login attempt for non-existent user: customer12345
[2024-10-15 10:33:54] Login Error: Successful login for user: customer12345
[2024-10-15 10:34:15] Login Error: Successful login for user: customer12345
[2024-10-15 11:10:16] Login Error: Successful login for user: customer12345
[2024-10-16 04:03:53] Login Error: Successful login for user: customer12345
[2024-10-16 04:04:31] Login Error: Successful login for user: customer123
[2024-10-16 04:07:39] Login Error: Successful login for user: customer123
[2024-10-16 04:07:47] Login Error: Successful login for user: customer123
[2024-10-16 04:08:01] Login Error: Successful login for user: customer12345
[2024-10-16 04:08:05] Login Error: Successful login for user: customer123
[2024-10-16 04:08:48] Login Error: Successful login for user: customer12345
[2024-10-16 04:22:51] Login Error: Successful login for user: customer12345
[2024-10-16 04:22:56] Login Error: Successful login for user: customer123
[2024-10-16 04:28:11] Login Error: Successful login for user: customer123
[2024-10-16 04:28:18] Login Error: Successful login for user: customer12345
[2024-10-16 04:28:23] Login Error: Successful login for user: customer123
[2024-10-16 04:40:08] Login Error: Successful login for user: customer123
[2024-10-16 04:40:14] Login Error: Successful login for user: customer12345
[2024-10-16 04:40:33] Login Error: Successful login for user: customer12345
[2024-10-16 04:40:38] Login Error: Successful login for user: customer123
[2024-10-16 04:40:51] Login Error: Successful login for user: customer123
[2024-10-16 04:42:09] Login Error: Successful login for user: customer123
[2024-10-16 04:42:15] Login Error: Successful login for user: customer12345
[2024-10-16 04:42:20] Login Error: Successful login for user: customer12345
[2024-10-16 04:44:25] Login Error: Successful login for user: customer123
[2024-10-16 05:00:19] Login Error: Successful login for user: customer123
[2024-10-16 05:02:43] Login Error: Successful login for user: customer123
[2024-10-16 05:04:14] Login Error: Successful login for user: customer12345
[2024-10-16 05:04:26] Login Error: Successful login for user: customer12345
[2024-10-16 05:04:31] Login Error: Successful login for user: customer123
[2024-10-18 10:41:27] Login Error: Failed login attempt for non-existent user: customer123
[2024-10-18 10:41:30] Login Error: Failed login attempt for non-existent user: customer123
[2024-10-18 10:41:33] Login Error: Failed login attempt for non-existent user: customer12345
[2024-10-18 10:41:43] Login Error: Successful login for user: customer12345
[2024-10-18 10:42:09] Login Error: Successful login for user: customer123
[2024-10-18 10:42:38] Login Error: Successful login for user: customer123
[2024-10-18 10:43:04] Login Error: Successful login for user: customer12345
[2024-10-18 11:12:30] Login Error: Successful login for user: customer12345
[2024-10-18 11:13:37] Login Error: Successful login for user: customer123
[2024-10-18 11:13:47] Login Error: Successful login for user: customer12345
[2024-10-18 11:15:42] Login Error: Successful login for user: customer12345
[2024-10-19 05:40:01] Login Error: Failed login attempt for non-existent user: customer12345
[2024-10-19 05:40:06] Login Error: Successful login for user: customer123
[2024-10-19 05:41:03] Login Error: Successful login for user: customer12345
[2024-10-19 05:41:09] Login Error: Successful login for user: customer123
[2024-10-19 05:41:15] Login Error: Successful login for user: customer12345
[2024-10-19 06:13:24] Login Error: Successful login for user: customer12345
[2024-10-19 06:14:10] Login Error: Successful login for user: customer2
